==============================================================================
Tests
==============================================================================
Tests.API
==============================================================================
Tests.API.TC-API-03
==============================================================================
Verify POST Transfer Funds Via API :: Verify POST /transfer execut... Successfully transferred $10 from account #12345 to account #12456
Transfer executed successfully
| PASS |
------------------------------------------------------------------------------
Tests.API.TC-API-03                                                   | PASS |
1 test, 1 passed, 0 failed
==============================================================================
Tests.API                                                             | PASS |
1 test, 1 passed, 0 failed
==============================================================================
Tests                                                                 | PASS |
1 test, 1 passed, 0 failed
==============================================================================
Output:  C:\Users\Ahuja's\Projects\Parabank\project\pabot_results\2\output.xml
