==============================================================================
Tests
==============================================================================
Tests.API
==============================================================================
Tests.API.TC-API-01
==============================================================================
Login and Fetch Customer ID via API :: Verify login API returns cu... Customer ID = 12212
| PASS |
------------------------------------------------------------------------------
Tests.API.TC-API-01                                                   | PASS |
1 test, 1 passed, 0 failed
==============================================================================
Tests.API                                                             | PASS |
1 test, 1 passed, 0 failed
==============================================================================
Tests                                                                 | PASS |
1 test, 1 passed, 0 failed
==============================================================================
Output:  C:\Users\Ahuja's\Projects\Parabank\project\pabot_results\0\output.xml
