==============================================================================
Tests
==============================================================================
Tests.UI
==============================================================================
Tests.UI.TC-UI-10
==============================================================================
Verify System Rejects zero Transfer Amount :: This test case verif... | SKIP |
Skipping the case because of BUG-01
------------------------------------------------------------------------------
Tests.UI.TC-UI-10                                                     | SKIP |
1 test, 0 passed, 0 failed, 1 skipped
==============================================================================
Tests.UI                                                              | SKIP |
1 test, 0 passed, 0 failed, 1 skipped
==============================================================================
Tests                                                                 | SKIP |
1 test, 0 passed, 0 failed, 1 skipped
==============================================================================
Output:  C:\Users\Ahuja's\Projects\Parabank\project\pabot_results\17\output.xml
