==============================================================================
Tests
==============================================================================
Tests.API
==============================================================================
Tests.API.TC-API-04
==============================================================================
Customer ID = 12212
Verify GET Account Balance Returns Valid Value :: Verify GET /acco... Balance for 12345 = -2310.00
| PASS |
------------------------------------------------------------------------------
Tests.API.TC-API-04                                                   | PASS |
1 test, 1 passed, 0 failed
==============================================================================
Tests.API                                                             | PASS |
1 test, 1 passed, 0 failed
==============================================================================
Tests                                                                 | PASS |
1 test, 1 passed, 0 failed
==============================================================================
Output:  C:\Users\Ahuja's\Projects\Parabank\project\pabot_results\3\output.xml
