==============================================================================
Tests
==============================================================================
Tests.Data Driven Testing
==============================================================================
Register johndoe :: Data driven testing using csv                     | PASS |
------------------------------------------------------------------------------
Register emmasmith :: Data driven testing using csv                   | PASS |
------------------------------------------------------------------------------
Register mjohnson :: Data driven testing using csv                    | PASS |
------------------------------------------------------------------------------
Register sophiaw :: Data driven testing using csv                     | PASS |
------------------------------------------------------------------------------
Register davidb :: Data driven testing using csv                      | PASS |
------------------------------------------------------------------------------
Tests.Data Driven Testing                                             | PASS |
5 tests, 5 passed, 0 failed
==============================================================================
Tests                                                                 | PASS |
5 tests, 5 passed, 0 failed
==============================================================================
Output:  C:\Users\Ahuja's\Projects\Parabank\project\pabot_results\4\output.xml
