==============================================================================
Tests
==============================================================================
Tests.API
==============================================================================
Tests.API.TC-API-02
==============================================================================
Customer ID = 12212
Verify GET Customer Accounts Returns 200 With Accounts List :: Ver... | PASS |
------------------------------------------------------------------------------
Tests.API.TC-API-02                                                   | PASS |
1 test, 1 passed, 0 failed
==============================================================================
Tests.API                                                             | PASS |
1 test, 1 passed, 0 failed
==============================================================================
Tests                                                                 | PASS |
1 test, 1 passed, 0 failed
==============================================================================
Output:  C:\Users\Ahuja's\Projects\Parabank\project\pabot_results\1\output.xml
