==============================================================================
Tests
==============================================================================
Tests.E2E
==============================================================================
Tests.E2E.TC-E2E-01
==============================================================================
Validate Account Type And Details In API After UI Creation            UI ACCOUNT ID = 14121
UI and API match successful
API TYPE = SAVINGS
API BALANCE = 100.00
| PASS |
------------------------------------------------------------------------------
Tests.E2E.TC-E2E-01                                                   | PASS |
1 test, 1 passed, 0 failed
==============================================================================
Tests.E2E                                                             | PASS |
1 test, 1 passed, 0 failed
==============================================================================
Tests                                                                 | PASS |
1 test, 1 passed, 0 failed
==============================================================================
Output:  C:\Users\Ahuja's\Projects\Parabank\project\pabot_results\5\output.xml
