==============================================================================
Tests
==============================================================================
Tests.E2E
==============================================================================
Tests.E2E.TC-E2E-02
==============================================================================
API Returns Updated Balance After Fund Transfer Via UI                Customer ID = 12212
UI ACCOUNT ID = 14010
| PASS |
------------------------------------------------------------------------------
Tests.E2E.TC-E2E-02                                                   | PASS |
1 test, 1 passed, 0 failed
==============================================================================
Tests.E2E                                                             | PASS |
1 test, 1 passed, 0 failed
==============================================================================
Tests                                                                 | PASS |
1 test, 1 passed, 0 failed
==============================================================================
Output:  C:\Users\Ahuja's\Projects\Parabank\project\pabot_results\6\output.xml
