==============================================================================
Tests
==============================================================================
Tests.E2E
==============================================================================
Tests.E2E.TC-E2E-03
==============================================================================
Validate New Account Exists in API After UI Creation                  BEFORE ACCOUNTS = ['12345', '12456', '12567', '12678', '12789', '12900', '13011', '13122', '13233', '13344', '54321']
NEW ACCOUNT ID = 14676
AFTER ACCOUNTS = ['12345', '12456', '12567', '12678', '12789', '12900', '13011', '13122', '13233', '13344', '14565', '14676', '14898', '54321']
NEW ACCOUNT VERIFIED SUCCESSFULLY IN API
| PASS |
------------------------------------------------------------------------------
Tests.E2E.TC-E2E-03                                                   | PASS |
1 test, 1 passed, 0 failed
==============================================================================
Tests.E2E                                                             | PASS |
1 test, 1 passed, 0 failed
==============================================================================
Tests                                                                 | PASS |
1 test, 1 passed, 0 failed
==============================================================================
Output:  C:\Users\Ahuja's\Projects\Parabank\project\pabot_results\7\output.xml
